<?xml version="1.0" encoding="UTF-8"?>
<!-- Generated by org.testng.reporters.JUnitReportReporter -->
<testsuite hostname="DESKTOP-OMOC5AD" failures="0" tests="1" name="com.testcases.Login" time="4.768" errors="0" timestamp="2023-11-23T16:53:32 JST" skipped="0">
  <testcase classname="com.testcases.Login" name="runScenario" time="4.768"/>
  <system-out/>
</testsuite> <!-- com.testcases.Login -->
