<?xml version="1.0" encoding="UTF-8"?>
<!-- Generated by org.testng.reporters.JUnitReportReporter -->
<testsuite hostname="DESKTOP-OMOC5AD" failures="0" tests="2" name="com.testcases.CreateLead" time="27.570" errors="0" timestamp="2023-11-23T12:53:28 JST" skipped="0">
  <testcase classname="com.testcases.CreateLead" name="runScenario" time="13.738"/>
  <system-out/>
  <testcase classname="com.testcases.CreateLead" name="runScenario" time="13.832"/>
  <system-out/>
</testsuite> <!-- com.testcases.CreateLead -->
