<?xml version="1.0" encoding="UTF-8"?>
<!-- Generated by org.testng.reporters.JUnitReportReporter -->
<testsuite hostname="DESKTOP-OMOC5AD" failures="0" tests="2" name="com.testcases.EditLead" time="35.443" errors="0" timestamp="2023-12-17T15:58:26 JST" skipped="0">
  <testcase classname="com.testcases.EditLead" name="runScenario" time="17.064"/>
  <system-out/>
  <testcase classname="com.testcases.EditLead" name="runScenario" time="18.379"/>
  <system-out/>
</testsuite> <!-- com.testcases.EditLead -->
