<?xml version="1.0" encoding="UTF-8"?>
<!-- Generated by org.testng.reporters.JUnitReportReporter -->
<testsuite hostname="DESKTOP-OMOC5AD" failures="0" tests="2" name="com.testcases.DeleteLead" time="52.773" errors="0" timestamp="2023-12-17T15:53:41 JST" skipped="0">
  <testcase classname="com.testcases.DeleteLead" name="runScenario" time="17.920"/>
  <system-out/>
  <testcase classname="com.testcases.DeleteLead" name="runScenario" time="34.853"/>
  <system-out/>
</testsuite> <!-- com.testcases.DeleteLead -->
