<?xml version="1.0" encoding="UTF-8"?>
<!-- Generated by org.testng.reporters.JUnitReportReporter -->
<testsuite hostname="DESKTOP-OMOC5AD" failures="0" tests="2" name="com.testcases.EditLead" time="33.545" errors="0" timestamp="2023-11-23T12:53:28 JST" skipped="0">
  <testcase classname="com.testcases.EditLead" name="runScenario" time="16.587"/>
  <system-out/>
  <testcase classname="com.testcases.EditLead" name="runScenario" time="16.958"/>
  <system-out/>
</testsuite> <!-- com.testcases.EditLead -->
