<?xml version="1.0" encoding="UTF-8"?>
<!-- Generated by org.testng.reporters.JUnitReportReporter -->
<testsuite hostname="DESKTOP-OMOC5AD" failures="2" tests="2" name="com.testcases.CreateLead" time="24.725" errors="0" timestamp="2023-11-23T16:53:32 JST" skipped="0">
  <testcase classname="com.testcases.CreateLead" name="runScenario" time="12.139">
    <failure message="Title is not Matched expected [View Lead | opentaps CRM1] but found [View Lead | opentaps CRM]" type="java.lang.AssertionError">
      <![CDATA[java.lang.AssertionError: Title is not Matched expected [View Lead | opentaps CRM1] but found [View Lead | opentaps CRM]
at org.testng.Assert.fail(Assert.java:99)
at org.testng.Assert.failNotEquals(Assert.java:1037)
at org.testng.Assert.assertEqualsImpl(Assert.java:140)
at org.testng.Assert.assertEquals(Assert.java:122)
at org.testng.Assert.assertEquals(Assert.java:629)
at com.pages.helper.ViewLeadPage.checkPageTitle(ViewLeadPage.java:25)
at ✽.Viewleadpage is displayed(file:///D:/Testleaf/Hybrid_Framework/HybridProject/./src/main/java/com/feature/TC002_CreateLead.feature:18)
]]>
    </failure>
  </testcase> <!-- runScenario -->
  <system-out/>
  <testcase classname="com.testcases.CreateLead" name="runScenario" time="12.586">
    <failure message="Title is not Matched expected [View Lead | opentaps CRM1] but found [View Lead | opentaps CRM]" type="java.lang.AssertionError">
      <![CDATA[java.lang.AssertionError: Title is not Matched expected [View Lead | opentaps CRM1] but found [View Lead | opentaps CRM]
at org.testng.Assert.fail(Assert.java:99)
at org.testng.Assert.failNotEquals(Assert.java:1037)
at org.testng.Assert.assertEqualsImpl(Assert.java:140)
at org.testng.Assert.assertEquals(Assert.java:122)
at org.testng.Assert.assertEquals(Assert.java:629)
at com.pages.helper.ViewLeadPage.checkPageTitle(ViewLeadPage.java:25)
at ✽.Viewleadpage is displayed(file:///D:/Testleaf/Hybrid_Framework/HybridProject/./src/main/java/com/feature/TC002_CreateLead.feature:18)
]]>
    </failure>
  </testcase> <!-- runScenario -->
  <system-out/>
</testsuite> <!-- com.testcases.CreateLead -->
