<?xml version="1.0" encoding="UTF-8"?>
<!-- Generated by org.testng.reporters.JUnitReportReporter -->
<testsuite hostname="DESKTOP-OMOC5AD" failures="0" tests="2" name="com.testcases.EditLead" time="38.442" errors="0" timestamp="2023-11-21T19:31:56 JST" skipped="0">
  <testcase classname="com.testcases.EditLead" name="runScenario" time="19.025"/>
  <system-out/>
  <testcase classname="com.testcases.EditLead" name="runScenario" time="19.417"/>
  <system-out/>
</testsuite> <!-- com.testcases.EditLead -->
