<?xml version="1.0" encoding="UTF-8"?>
<!-- Generated by org.testng.reporters.JUnitReportReporter -->
<testsuite hostname="DESKTOP-OMOC5AD" failures="0" tests="2" name="com.testcases.DeleteLead" time="32.515" errors="0" timestamp="2023-11-23T12:53:28 JST" skipped="0">
  <testcase classname="com.testcases.DeleteLead" name="runScenario" time="16.321"/>
  <system-out/>
  <testcase classname="com.testcases.DeleteLead" name="runScenario" time="16.194"/>
  <system-out/>
</testsuite> <!-- com.testcases.DeleteLead -->
