<?xml version="1.0" encoding="UTF-8"?>
<!-- Generated by org.testng.reporters.JUnitReportReporter -->
<testsuite hostname="DESKTOP-OMOC5AD" failures="0" tests="2" name="com.testcases.CreateLead" time="33.374" errors="0" timestamp="2023-11-12T19:32:47 JST" skipped="0">
  <testcase classname="com.testcases.CreateLead" name="runScenario" time="17.907"/>
  <system-out/>
  <testcase classname="com.testcases.CreateLead" name="runScenario" time="15.467"/>
  <system-out/>
</testsuite> <!-- com.testcases.CreateLead -->
