<?xml version="1.0" encoding="UTF-8"?>
<!-- Generated by org.testng.reporters.JUnitReportReporter -->
<testsuite hostname="DESKTOP-OMOC5AD" failures="0" tests="2" name="com.testcases.DeleteLead" time="42.861" errors="0" timestamp="2023-11-21T22:41:03 JST" skipped="0">
  <testcase classname="com.testcases.DeleteLead" name="runScenario" time="19.576"/>
  <system-out/>
  <testcase classname="com.testcases.DeleteLead" name="runScenario" time="23.285"/>
  <system-out/>
</testsuite> <!-- com.testcases.DeleteLead -->
